<?xml version="1.0" encoding="UTF-8"?>
<!-- Generated by org.testng.reporters.JUnitReportReporter -->
<testsuite name="Test.Login_Test" tests="1" time="42.262" ignored="0" failures="0" timestamp="09 Nov 2018 05:39:04 GMT" skipped="0" hostname="DESKTOP-C80OOLD" errors="0">
  <testcase name="login" time="42.262" classname="Test.Login_Test"/>
</testsuite> <!-- Test.Login_Test -->
